info it worked if it ends with ok
verbose cli [ 'node', '/usr/local/bin/npm', 'start' ]
info using npm@1.0.106
info using node@v0.6.8
verbose config file /root/.npmrc
verbose config file /usr/local/etc/npmrc
verbose config file /usr/local/lib/node_modules/npm/npmrc
silly testEngine { name: 'Santa-Cruz-Pawn-Shop',
silly testEngine   version: '0.0.1',
silly testEngine   dependencies: { express: '2.5.x' },
silly testEngine   engine: { node: '>=0.4' },
silly testEngine   subdomain: 'santa-cruz-pawn-shop',
silly testEngine   scripts: { start: 'node server.js' },
silly testEngine   _id: 'Santa-Cruz-Pawn-Shop@0.0.1',
silly testEngine   devDependencies: {},
silly testEngine   engines: { node: '*' },
silly testEngine   _engineSupported: true,
silly testEngine   _npmVersion: '1.0.106',
silly testEngine   _nodeVersion: 'v0.6.8',
silly testEngine   _defaultsLoaded: true }
verbose caching /root/Santa-Cruz-Pawn-Shop/package.json
verbose loadDefaults Santa-Cruz-Pawn-Shop@0.0.1
verbose run-script [ 'prestart', 'start', 'poststart' ]
info prestart Santa-Cruz-Pawn-Shop@0.0.1
info start Santa-Cruz-Pawn-Shop@0.0.1
verbose unsafe-perm in lifecycle true
silly exec sh "-c" "node server.js"
silly spawning [ 'sh',
silly spawning   [ '-c', 'node server.js' ],
silly spawning   '/root/Santa-Cruz-Pawn-Shop' ]
info Santa-Cruz-Pawn-Shop@0.0.1 Failed to exec start script
ERR! Santa-Cruz-Pawn-Shop@0.0.1 start: `node server.js`
ERR! `sh "-c" "node server.js"` failed with 1
ERR! 
ERR! Failed at the Santa-Cruz-Pawn-Shop@0.0.1 start script.
ERR! This is most likely a problem with the Santa-Cruz-Pawn-Shop package,
ERR! not with npm itself.
ERR! Tell the author that this fails on your system:
ERR!     node server.js
ERR! You can get their info via:
ERR!     npm owner ls Santa-Cruz-Pawn-Shop
ERR! There is likely additional logging output above.
ERR! 
ERR! System Linux 3.0.4-linode38
ERR! command "node" "/usr/local/bin/npm" "start"
ERR! cwd /root/Santa-Cruz-Pawn-Shop
ERR! node -v v0.6.8
ERR! npm -v 1.0.106
ERR! code ELIFECYCLE
verbose exit [ 1, true ]
